21.12.2017 15:22:27 Debug PID:1128 More than 1 sec 
21.12.2017 15:22:29 Debug PID:1128 More than 1 sec 
21.12.2017 15:22:31 Debug PID:1128 More than 1 sec 
21.12.2017 15:22:33 Debug PID:1128 More than 1 sec 
21.12.2017 15:22:35 Debug PID:1128 ENTER 1 
21.12.2017 15:43:02 Debug PID:1128 ENTER 0 
21.12.2017 15:57:24 Debug PID:1128 ENTER 0 
21.12.2017 15:58:04 Debug PID:1128 ENTER 0 
21.12.2017 15:58:34 Debug PID:1128 ENTER 0 
21.12.2017 15:58:36 Debug PID:1128 ENTER 0 
21.12.2017 15:59:23 Debug PID:1128 ENTER 0 
21.12.2017 15:59:34 Debug PID:1128 ENTER 0 
21.12.2017 15:59:38 Debug PID:1128 ENTER 0 
21.12.2017 15:59:57 Debug PID:1128 ENTER 0 
21.12.2017 15:59:59 Debug PID:1128 ENTER 0 
21.12.2017 16:00:18 Debug PID:1128 ENTER 0 
21.12.2017 16:00:28 Debug PID:1128 ENTER 0 
21.12.2017 16:00:37 Debug PID:1128 ENTER 0 
21.12.2017 16:00:58 Debug PID:1128 More than 1 sec 
21.12.2017 16:00:59 Debug PID:1128 ENTER 0 
21.12.2017 16:01:03 Debug PID:1128 More than 1 sec 
21.12.2017 16:01:04 Debug PID:1128 ENTER 0 
21.12.2017 16:01:07 Debug PID:1128 More than 1 sec 
21.12.2017 16:01:08 Debug PID:1128 ENTER 0 
21.12.2017 16:01:36 Info PID:16340 KillAllScanners 
21.12.2017 16:01:36 Info PID:16340 PID:1128 User scanner is stopped 
21.12.2017 16:03:20 Info PID:12120 Service was succefully unregistered. 
